ERROR - 2023-05-16 23:26:21 --> mysqli_sql_exception: No database selected in /opt/lampp/htdocs/codeigniter_project_ZiniFranco/system/Database/MySQLi/Connection.php:295
Stack trace:
#0 /opt/lampp/htdocs/codeigniter_project_ZiniFranco/system/Database/MySQLi/Connection.php(295): mysqli->query('SELECT *\nFROM `...', 0)
#1 /opt/lampp/htdocs/codeigniter_project_ZiniFranco/system/Database/BaseConnection.php(691): CodeIgniter\Database\MySQLi\Connection->execute('SELECT *\nFROM `...')
#2 /opt/lampp/htdocs/codeigniter_project_ZiniFranco/system/Database/BaseConnection.php(605): CodeIgniter\Database\BaseConnection->simpleQuery('SELECT *\nFROM `...')
#3 /opt/lampp/htdocs/codeigniter_project_ZiniFranco/system/Database/BaseBuilder.php(1616): CodeIgniter\Database\BaseConnection->query('SELECT *\nFROM `...', Array, false)
#4 /opt/lampp/htdocs/codeigniter_project_ZiniFranco/system/Model.php(268): CodeIgniter\Database\BaseBuilder->get()
#5 /opt/lampp/htdocs/codeigniter_project_ZiniFranco/system/BaseModel.php(656): CodeIgniter\Model->doFirst()
#6 /opt/lampp/htdocs/codeigniter_project_ZiniFranco/app/Models/LoginModel.php(15): CodeIgniter\BaseModel->first()
#7 /opt/lampp/htdocs/codeigniter_project_ZiniFranco/app/Controllers/Login.php(23): App\Models\LoginModel->validateUser('protos', 'pepe')
#8 /opt/lampp/htdocs/codeigniter_project_ZiniFranco/system/CodeIgniter.php(934): App\Controllers\Login->process_login()
#9 /opt/lampp/htdocs/codeigniter_project_ZiniFranco/system/CodeIgniter.php(499): CodeIgniter\CodeIgniter->runController(Object(App\Controllers\Login))
#10 /opt/lampp/htdocs/codeigniter_project_ZiniFranco/system/CodeIgniter.php(368): CodeIgniter\CodeIgniter->handleRequest(NULL, Object(Config\Cache), false)
#11 /opt/lampp/htdocs/codeigniter_project_ZiniFranco/public/index.php(67): CodeIgniter\CodeIgniter->run()
#12 {main}
CRITICAL - 2023-05-16 23:26:21 --> No database selected
in SYSTEMPATH/Database/MySQLi/Connection.php on line 295.
 1 SYSTEMPATH/Database/MySQLi/Connection.php(295): mysqli->query('SELECT *
FROM `usuarios`
WHERE `usuario` = \'protos\'
AND `pass` = \'pepe\'
 LIMIT 1', 0)
 2 SYSTEMPATH/Database/BaseConnection.php(691): CodeIgniter\Database\MySQLi\Connection->execute('SELECT *
FROM `usuarios`
WHERE `usuario` = \'protos\'
AND `pass` = \'pepe\'
 LIMIT 1')
 3 SYSTEMPATH/Database/BaseConnection.php(605): CodeIgniter\Database\BaseConnection->simpleQuery('SELECT *
FROM `usuarios`
WHERE `usuario` = \'protos\'
AND `pass` = \'pepe\'
 LIMIT 1')
 4 SYSTEMPATH/Database/BaseBuilder.php(1616): CodeIgniter\Database\BaseConnection->query('SELECT *
FROM `usuarios`
WHERE `usuario` = :usuario:
AND `pass` = :pass:
 LIMIT 1', [...], false)
 5 SYSTEMPATH/Model.php(268): CodeIgniter\Database\BaseBuilder->get()
 6 SYSTEMPATH/BaseModel.php(656): CodeIgniter\Model->doFirst()
 7 APPPATH/Models/LoginModel.php(15): CodeIgniter\BaseModel->first()
 8 APPPATH/Controllers/Login.php(23): App\Models\LoginModel->validateUser('protos', 'pepe')
 9 SYSTEMPATH/CodeIgniter.php(934): App\Controllers\Login->process_login()
10 SYSTEMPATH/CodeIgniter.php(499): CodeIgniter\CodeIgniter->runController(Object(App\Controllers\Login))
11 SYSTEMPATH/CodeIgniter.php(368): CodeIgniter\CodeIgniter->handleRequest(null, Object(Config\Cache), false)
12 FCPATH/index.php(67): CodeIgniter\CodeIgniter->run()
ERROR - 2023-05-16 23:29:35 --> mysqli_sql_exception: No database selected in /opt/lampp/htdocs/codeigniter_project_ZiniFranco/system/Database/MySQLi/Connection.php:295
Stack trace:
#0 /opt/lampp/htdocs/codeigniter_project_ZiniFranco/system/Database/MySQLi/Connection.php(295): mysqli->query('SELECT *\nFROM `...', 0)
#1 /opt/lampp/htdocs/codeigniter_project_ZiniFranco/system/Database/BaseConnection.php(691): CodeIgniter\Database\MySQLi\Connection->execute('SELECT *\nFROM `...')
#2 /opt/lampp/htdocs/codeigniter_project_ZiniFranco/system/Database/BaseConnection.php(605): CodeIgniter\Database\BaseConnection->simpleQuery('SELECT *\nFROM `...')
#3 /opt/lampp/htdocs/codeigniter_project_ZiniFranco/system/Database/BaseBuilder.php(1616): CodeIgniter\Database\BaseConnection->query('SELECT *\nFROM `...', Array, false)
#4 /opt/lampp/htdocs/codeigniter_project_ZiniFranco/system/Model.php(268): CodeIgniter\Database\BaseBuilder->get()
#5 /opt/lampp/htdocs/codeigniter_project_ZiniFranco/system/BaseModel.php(656): CodeIgniter\Model->doFirst()
#6 /opt/lampp/htdocs/codeigniter_project_ZiniFranco/app/Models/LoginModel.php(15): CodeIgniter\BaseModel->first()
#7 /opt/lampp/htdocs/codeigniter_project_ZiniFranco/app/Controllers/Login.php(23): App\Models\LoginModel->validateUser(NULL, NULL)
#8 /opt/lampp/htdocs/codeigniter_project_ZiniFranco/system/CodeIgniter.php(934): App\Controllers\Login->process_login()
#9 /opt/lampp/htdocs/codeigniter_project_ZiniFranco/system/CodeIgniter.php(499): CodeIgniter\CodeIgniter->runController(Object(App\Controllers\Login))
#10 /opt/lampp/htdocs/codeigniter_project_ZiniFranco/system/CodeIgniter.php(368): CodeIgniter\CodeIgniter->handleRequest(NULL, Object(Config\Cache), false)
#11 /opt/lampp/htdocs/codeigniter_project_ZiniFranco/public/index.php(67): CodeIgniter\CodeIgniter->run()
#12 {main}
CRITICAL - 2023-05-16 23:29:35 --> No database selected
in SYSTEMPATH/Database/MySQLi/Connection.php on line 295.
 1 SYSTEMPATH/Database/MySQLi/Connection.php(295): mysqli->query('SELECT *
FROM `usuarios`
WHERE `usuario` IS NULL
AND `pass` IS NULL
 LIMIT 1', 0)
 2 SYSTEMPATH/Database/BaseConnection.php(691): CodeIgniter\Database\MySQLi\Connection->execute('SELECT *
FROM `usuarios`
WHERE `usuario` IS NULL
AND `pass` IS NULL
 LIMIT 1')
 3 SYSTEMPATH/Database/BaseConnection.php(605): CodeIgniter\Database\BaseConnection->simpleQuery('SELECT *
FROM `usuarios`
WHERE `usuario` IS NULL
AND `pass` IS NULL
 LIMIT 1')
 4 SYSTEMPATH/Database/BaseBuilder.php(1616): CodeIgniter\Database\BaseConnection->query('SELECT *
FROM `usuarios`
WHERE `usuario` IS NULL
AND `pass` IS NULL
 LIMIT 1', [], false)
 5 SYSTEMPATH/Model.php(268): CodeIgniter\Database\BaseBuilder->get()
 6 SYSTEMPATH/BaseModel.php(656): CodeIgniter\Model->doFirst()
 7 APPPATH/Models/LoginModel.php(15): CodeIgniter\BaseModel->first()
 8 APPPATH/Controllers/Login.php(23): App\Models\LoginModel->validateUser(null, null)
 9 SYSTEMPATH/CodeIgniter.php(934): App\Controllers\Login->process_login()
10 SYSTEMPATH/CodeIgniter.php(499): CodeIgniter\CodeIgniter->runController(Object(App\Controllers\Login))
11 SYSTEMPATH/CodeIgniter.php(368): CodeIgniter\CodeIgniter->handleRequest(null, Object(Config\Cache), false)
12 FCPATH/index.php(67): CodeIgniter\CodeIgniter->run()
ERROR - 2023-05-16 23:29:55 --> mysqli_sql_exception: No database selected in /opt/lampp/htdocs/codeigniter_project_ZiniFranco/system/Database/MySQLi/Connection.php:295
Stack trace:
#0 /opt/lampp/htdocs/codeigniter_project_ZiniFranco/system/Database/MySQLi/Connection.php(295): mysqli->query('SELECT *\nFROM `...', 0)
#1 /opt/lampp/htdocs/codeigniter_project_ZiniFranco/system/Database/BaseConnection.php(691): CodeIgniter\Database\MySQLi\Connection->execute('SELECT *\nFROM `...')
#2 /opt/lampp/htdocs/codeigniter_project_ZiniFranco/system/Database/BaseConnection.php(605): CodeIgniter\Database\BaseConnection->simpleQuery('SELECT *\nFROM `...')
#3 /opt/lampp/htdocs/codeigniter_project_ZiniFranco/system/Database/BaseBuilder.php(1616): CodeIgniter\Database\BaseConnection->query('SELECT *\nFROM `...', Array, false)
#4 /opt/lampp/htdocs/codeigniter_project_ZiniFranco/system/Model.php(268): CodeIgniter\Database\BaseBuilder->get()
#5 /opt/lampp/htdocs/codeigniter_project_ZiniFranco/system/BaseModel.php(656): CodeIgniter\Model->doFirst()
#6 /opt/lampp/htdocs/codeigniter_project_ZiniFranco/app/Models/LoginModel.php(15): CodeIgniter\BaseModel->first()
#7 /opt/lampp/htdocs/codeigniter_project_ZiniFranco/app/Controllers/Login.php(23): App\Models\LoginModel->validateUser('protos', 'pepe')
#8 /opt/lampp/htdocs/codeigniter_project_ZiniFranco/system/CodeIgniter.php(934): App\Controllers\Login->process_login()
#9 /opt/lampp/htdocs/codeigniter_project_ZiniFranco/system/CodeIgniter.php(499): CodeIgniter\CodeIgniter->runController(Object(App\Controllers\Login))
#10 /opt/lampp/htdocs/codeigniter_project_ZiniFranco/system/CodeIgniter.php(368): CodeIgniter\CodeIgniter->handleRequest(NULL, Object(Config\Cache), false)
#11 /opt/lampp/htdocs/codeigniter_project_ZiniFranco/public/index.php(67): CodeIgniter\CodeIgniter->run()
#12 {main}
CRITICAL - 2023-05-16 23:29:55 --> No database selected
in SYSTEMPATH/Database/MySQLi/Connection.php on line 295.
 1 SYSTEMPATH/Database/MySQLi/Connection.php(295): mysqli->query('SELECT *
FROM `usuarios`
WHERE `usuario` = \'protos\'
AND `pass` = \'pepe\'
 LIMIT 1', 0)
 2 SYSTEMPATH/Database/BaseConnection.php(691): CodeIgniter\Database\MySQLi\Connection->execute('SELECT *
FROM `usuarios`
WHERE `usuario` = \'protos\'
AND `pass` = \'pepe\'
 LIMIT 1')
 3 SYSTEMPATH/Database/BaseConnection.php(605): CodeIgniter\Database\BaseConnection->simpleQuery('SELECT *
FROM `usuarios`
WHERE `usuario` = \'protos\'
AND `pass` = \'pepe\'
 LIMIT 1')
 4 SYSTEMPATH/Database/BaseBuilder.php(1616): CodeIgniter\Database\BaseConnection->query('SELECT *
FROM `usuarios`
WHERE `usuario` = :usuario:
AND `pass` = :pass:
 LIMIT 1', [...], false)
 5 SYSTEMPATH/Model.php(268): CodeIgniter\Database\BaseBuilder->get()
 6 SYSTEMPATH/BaseModel.php(656): CodeIgniter\Model->doFirst()
 7 APPPATH/Models/LoginModel.php(15): CodeIgniter\BaseModel->first()
 8 APPPATH/Controllers/Login.php(23): App\Models\LoginModel->validateUser('protos', 'pepe')
 9 SYSTEMPATH/CodeIgniter.php(934): App\Controllers\Login->process_login()
10 SYSTEMPATH/CodeIgniter.php(499): CodeIgniter\CodeIgniter->runController(Object(App\Controllers\Login))
11 SYSTEMPATH/CodeIgniter.php(368): CodeIgniter\CodeIgniter->handleRequest(null, Object(Config\Cache), false)
12 FCPATH/index.php(67): CodeIgniter\CodeIgniter->run()
INFO - 2023-05-16 23:33:49 --> Session: Class initialized using 'CodeIgniter\Session\Handlers\FileHandler' driver.
CRITICAL - 2023-05-16 23:33:49 --> Attempt to read property "id" on array
in APPPATH/Controllers/Login.php on line 29.
 1 APPPATH/Controllers/Login.php(29): CodeIgniter\Debug\Exceptions->errorHandler(2, 'Attempt to read property "id" on array', '/opt/lampp/htdocs/codeigniter_project_ZiniFranco/app/Controllers/Login.php', 29)
 2 SYSTEMPATH/CodeIgniter.php(934): App\Controllers\Login->process_login()
 3 SYSTEMPATH/CodeIgniter.php(499): CodeIgniter\CodeIgniter->runController(Object(App\Controllers\Login))
 4 SYSTEMPATH/CodeIgniter.php(368): CodeIgniter\CodeIgniter->handleRequest(null, Object(Config\Cache), false)
 5 FCPATH/index.php(67): CodeIgniter\CodeIgniter->run()
INFO - 2023-05-16 23:37:40 --> Session: Class initialized using 'CodeIgniter\Session\Handlers\FileHandler' driver.
CRITICAL - 2023-05-16 23:37:40 --> Attempt to read property "id" on array
in APPPATH/Controllers/Login.php on line 29.
 1 APPPATH/Controllers/Login.php(29): CodeIgniter\Debug\Exceptions->errorHandler(2, 'Attempt to read property "id" on array', '/opt/lampp/htdocs/codeigniter_project_ZiniFranco/app/Controllers/Login.php', 29)
 2 SYSTEMPATH/CodeIgniter.php(934): App\Controllers\Login->process_login()
 3 SYSTEMPATH/CodeIgniter.php(499): CodeIgniter\CodeIgniter->runController(Object(App\Controllers\Login))
 4 SYSTEMPATH/CodeIgniter.php(368): CodeIgniter\CodeIgniter->handleRequest(null, Object(Config\Cache), false)
 5 FCPATH/index.php(67): CodeIgniter\CodeIgniter->run()
INFO - 2023-05-16 23:41:22 --> Session: Class initialized using 'CodeIgniter\Session\Handlers\FileHandler' driver.
INFO - 2023-05-16 23:41:22 --> Session: Class initialized using 'CodeIgniter\Session\Handlers\FileHandler' driver.
INFO - 2023-05-16 23:42:17 --> Session: Class initialized using 'CodeIgniter\Session\Handlers\FileHandler' driver.
INFO - 2023-05-16 23:42:17 --> Session: Class initialized using 'CodeIgniter\Session\Handlers\FileHandler' driver.
INFO - 2023-05-16 23:42:47 --> Session: Class initialized using 'CodeIgniter\Session\Handlers\FileHandler' driver.
INFO - 2023-05-16 23:42:57 --> Session: Class initialized using 'CodeIgniter\Session\Handlers\FileHandler' driver.
INFO - 2023-05-16 23:43:59 --> Session: Class initialized using 'CodeIgniter\Session\Handlers\FileHandler' driver.
CRITICAL - 2023-05-16 23:43:59 --> Attempt to read property "id" on array
in APPPATH/Controllers/Login.php on line 29.
 1 APPPATH/Controllers/Login.php(29): CodeIgniter\Debug\Exceptions->errorHandler(2, 'Attempt to read property "id" on array', '/opt/lampp/htdocs/codeigniter_project_ZiniFranco/app/Controllers/Login.php', 29)
 2 SYSTEMPATH/CodeIgniter.php(934): App\Controllers\Login->process_login()
 3 SYSTEMPATH/CodeIgniter.php(499): CodeIgniter\CodeIgniter->runController(Object(App\Controllers\Login))
 4 SYSTEMPATH/CodeIgniter.php(368): CodeIgniter\CodeIgniter->handleRequest(null, Object(Config\Cache), false)
 5 FCPATH/index.php(67): CodeIgniter\CodeIgniter->run()
INFO - 2023-05-16 23:47:36 --> Session: Class initialized using 'CodeIgniter\Session\Handlers\FileHandler' driver.
INFO - 2023-05-16 23:47:36 --> Session: Class initialized using 'CodeIgniter\Session\Handlers\FileHandler' driver.
